[INFO  - 2019-01-31T17:15:08.007Z] GhostDriver - Main - running on port 10466
[INFO  - 2019-01-31T17:15:08.359Z] Session [c25c3a20-257b-11e9-9125-3330357b99f3] - page.settings - {"XSSAuditingEnabled":false,"javascriptCanCloseWindows":true,"javascriptCanOpenWindows":true,"javascriptEnabled":true,"loadImages":true,"localToRemoteUrlAccessEnabled":false,"userAgent":"Mozilla/5.0 (Windows NT 6.2; WOW64) AppleWebKit/538.1 (KHTML, like Gecko) PhantomJS/2.1.1 Safari/538.1","webSecurityEnabled":true}
[INFO  - 2019-01-31T17:15:08.359Z] Session [c25c3a20-257b-11e9-9125-3330357b99f3] - page.customHeaders:  - {}
[INFO  - 2019-01-31T17:15:08.359Z] Session [c25c3a20-257b-11e9-9125-3330357b99f3] - Session.negotiatedCapabilities - {"browserName":"phantomjs","version":"2.1.1","driverName":"ghostdriver","driverVersion":"1.2.0","platform":"windows-10-32bit","javascriptEnabled":true,"takesScreenshot":true,"handlesAlerts":false,"databaseEnabled":false,"locationContextEnabled":false,"applicationCacheEnabled":false,"browserConnectionEnabled":false,"cssSelectorsEnabled":true,"webStorageEnabled":false,"rotatable":false,"acceptSslCerts":false,"nativeEvents":true,"proxy":{"proxyType":"direct"}}
[INFO  - 2019-01-31T17:15:08.359Z] SessionManagerReqHand - _postNewSessionCommand - New Session Created: c25c3a20-257b-11e9-9125-3330357b99f3
[INFO  - 2019-01-31T17:15:11.313Z] GhostDriver - Main - running on port 42679
[INFO  - 2019-01-31T17:15:11.475Z] Session [c437d7f0-257b-11e9-9a2c-39eb59db4d7d] - page.settings - {"XSSAuditingEnabled":false,"javascriptCanCloseWindows":true,"javascriptCanOpenWindows":true,"javascriptEnabled":true,"loadImages":true,"localToRemoteUrlAccessEnabled":false,"userAgent":"Mozilla/5.0 (Windows NT 6.2; WOW64) AppleWebKit/538.1 (KHTML, like Gecko) PhantomJS/2.1.1 Safari/538.1","webSecurityEnabled":true}
[INFO  - 2019-01-31T17:15:11.475Z] Session [c437d7f0-257b-11e9-9a2c-39eb59db4d7d] - page.customHeaders:  - {}
[INFO  - 2019-01-31T17:15:11.475Z] Session [c437d7f0-257b-11e9-9a2c-39eb59db4d7d] - Session.negotiatedCapabilities - {"browserName":"phantomjs","version":"2.1.1","driverName":"ghostdriver","driverVersion":"1.2.0","platform":"windows-10-32bit","javascriptEnabled":true,"takesScreenshot":true,"handlesAlerts":false,"databaseEnabled":false,"locationContextEnabled":false,"applicationCacheEnabled":false,"browserConnectionEnabled":false,"cssSelectorsEnabled":true,"webStorageEnabled":false,"rotatable":false,"acceptSslCerts":false,"nativeEvents":true,"proxy":{"proxyType":"direct"}}
[INFO  - 2019-01-31T17:15:11.475Z] SessionManagerReqHand - _postNewSessionCommand - New Session Created: c437d7f0-257b-11e9-9a2c-39eb59db4d7d
[INFO  - 2019-01-31T17:15:15.057Z] GhostDriver - Main - running on port 49074
[INFO  - 2019-01-31T17:15:15.228Z] Session [c6745a70-257b-11e9-a9ab-c53eb8128ec0] - page.settings - {"XSSAuditingEnabled":false,"javascriptCanCloseWindows":true,"javascriptCanOpenWindows":true,"javascriptEnabled":true,"loadImages":true,"localToRemoteUrlAccessEnabled":false,"userAgent":"Mozilla/5.0 (Windows NT 6.2; WOW64) AppleWebKit/538.1 (KHTML, like Gecko) PhantomJS/2.1.1 Safari/538.1","webSecurityEnabled":true}
[INFO  - 2019-01-31T17:15:15.228Z] Session [c6745a70-257b-11e9-a9ab-c53eb8128ec0] - page.customHeaders:  - {}
[INFO  - 2019-01-31T17:15:15.228Z] Session [c6745a70-257b-11e9-a9ab-c53eb8128ec0] - Session.negotiatedCapabilities - {"browserName":"phantomjs","version":"2.1.1","driverName":"ghostdriver","driverVersion":"1.2.0","platform":"windows-10-32bit","javascriptEnabled":true,"takesScreenshot":true,"handlesAlerts":false,"databaseEnabled":false,"locationContextEnabled":false,"applicationCacheEnabled":false,"browserConnectionEnabled":false,"cssSelectorsEnabled":true,"webStorageEnabled":false,"rotatable":false,"acceptSslCerts":false,"nativeEvents":true,"proxy":{"proxyType":"direct"}}
[INFO  - 2019-01-31T17:15:15.229Z] SessionManagerReqHand - _postNewSessionCommand - New Session Created: c6745a70-257b-11e9-a9ab-c53eb8128ec0
[INFO  - 2019-01-31T17:15:17.841Z] GhostDriver - Main - running on port 36577
[INFO  - 2019-01-31T17:15:17.924Z] Session [c80fbaf0-257b-11e9-84c3-ff44ad3c1f33] - page.settings - {"XSSAuditingEnabled":false,"javascriptCanCloseWindows":true,"javascriptCanOpenWindows":true,"javascriptEnabled":true,"loadImages":true,"localToRemoteUrlAccessEnabled":false,"userAgent":"Mozilla/5.0 (Windows NT 6.2; WOW64) AppleWebKit/538.1 (KHTML, like Gecko) PhantomJS/2.1.1 Safari/538.1","webSecurityEnabled":true}
[INFO  - 2019-01-31T17:15:17.924Z] Session [c80fbaf0-257b-11e9-84c3-ff44ad3c1f33] - page.customHeaders:  - {}
[INFO  - 2019-01-31T17:15:17.924Z] Session [c80fbaf0-257b-11e9-84c3-ff44ad3c1f33] - Session.negotiatedCapabilities - {"browserName":"phantomjs","version":"2.1.1","driverName":"ghostdriver","driverVersion":"1.2.0","platform":"windows-10-32bit","javascriptEnabled":true,"takesScreenshot":true,"handlesAlerts":false,"databaseEnabled":false,"locationContextEnabled":false,"applicationCacheEnabled":false,"browserConnectionEnabled":false,"cssSelectorsEnabled":true,"webStorageEnabled":false,"rotatable":false,"acceptSslCerts":false,"nativeEvents":true,"proxy":{"proxyType":"direct"}}
[INFO  - 2019-01-31T17:15:17.924Z] SessionManagerReqHand - _postNewSessionCommand - New Session Created: c80fbaf0-257b-11e9-84c3-ff44ad3c1f33
[INFO  - 2019-01-31T17:17:16.339Z] GhostDriver - Main - running on port 32611
[INFO  - 2019-01-31T17:17:16.695Z] Session [0edabf20-257c-11e9-a308-cf2066b8e9ac] - page.settings - {"XSSAuditingEnabled":false,"javascriptCanCloseWindows":true,"javascriptCanOpenWindows":true,"javascriptEnabled":true,"loadImages":true,"localToRemoteUrlAccessEnabled":false,"userAgent":"Mozilla/5.0 (Windows NT 6.2; WOW64) AppleWebKit/538.1 (KHTML, like Gecko) PhantomJS/2.1.1 Safari/538.1","webSecurityEnabled":true}
[INFO  - 2019-01-31T17:17:16.695Z] Session [0edabf20-257c-11e9-a308-cf2066b8e9ac] - page.customHeaders:  - {}
[INFO  - 2019-01-31T17:17:16.695Z] Session [0edabf20-257c-11e9-a308-cf2066b8e9ac] - Session.negotiatedCapabilities - {"browserName":"phantomjs","version":"2.1.1","driverName":"ghostdriver","driverVersion":"1.2.0","platform":"windows-10-32bit","javascriptEnabled":true,"takesScreenshot":true,"handlesAlerts":false,"databaseEnabled":false,"locationContextEnabled":false,"applicationCacheEnabled":false,"browserConnectionEnabled":false,"cssSelectorsEnabled":true,"webStorageEnabled":false,"rotatable":false,"acceptSslCerts":false,"nativeEvents":true,"proxy":{"proxyType":"direct"}}
[INFO  - 2019-01-31T17:17:16.695Z] SessionManagerReqHand - _postNewSessionCommand - New Session Created: 0edabf20-257c-11e9-a308-cf2066b8e9ac
[INFO  - 2019-01-31T17:17:19.247Z] GhostDriver - Main - running on port 42894
[INFO  - 2019-01-31T17:17:19.417Z] Session [107a1740-257c-11e9-ae57-51d1fcabfadf] - page.settings - {"XSSAuditingEnabled":false,"javascriptCanCloseWindows":true,"javascriptCanOpenWindows":true,"javascriptEnabled":true,"loadImages":true,"localToRemoteUrlAccessEnabled":false,"userAgent":"Mozilla/5.0 (Windows NT 6.2; WOW64) AppleWebKit/538.1 (KHTML, like Gecko) PhantomJS/2.1.1 Safari/538.1","webSecurityEnabled":true}
[INFO  - 2019-01-31T17:17:19.417Z] Session [107a1740-257c-11e9-ae57-51d1fcabfadf] - page.customHeaders:  - {}
[INFO  - 2019-01-31T17:17:19.417Z] Session [107a1740-257c-11e9-ae57-51d1fcabfadf] - Session.negotiatedCapabilities - {"browserName":"phantomjs","version":"2.1.1","driverName":"ghostdriver","driverVersion":"1.2.0","platform":"windows-10-32bit","javascriptEnabled":true,"takesScreenshot":true,"handlesAlerts":false,"databaseEnabled":false,"locationContextEnabled":false,"applicationCacheEnabled":false,"browserConnectionEnabled":false,"cssSelectorsEnabled":true,"webStorageEnabled":false,"rotatable":false,"acceptSslCerts":false,"nativeEvents":true,"proxy":{"proxyType":"direct"}}
[INFO  - 2019-01-31T17:17:19.417Z] SessionManagerReqHand - _postNewSessionCommand - New Session Created: 107a1740-257c-11e9-ae57-51d1fcabfadf
[INFO  - 2019-01-31T17:17:21.857Z] GhostDriver - Main - running on port 49022
[INFO  - 2019-01-31T17:17:22.017Z] Session [1206f8d0-257c-11e9-9e2d-9dfeb859da62] - page.settings - {"XSSAuditingEnabled":false,"javascriptCanCloseWindows":true,"javascriptCanOpenWindows":true,"javascriptEnabled":true,"loadImages":true,"localToRemoteUrlAccessEnabled":false,"userAgent":"Mozilla/5.0 (Windows NT 6.2; WOW64) AppleWebKit/538.1 (KHTML, like Gecko) PhantomJS/2.1.1 Safari/538.1","webSecurityEnabled":true}
[INFO  - 2019-01-31T17:17:22.017Z] Session [1206f8d0-257c-11e9-9e2d-9dfeb859da62] - page.customHeaders:  - {}
[INFO  - 2019-01-31T17:17:22.017Z] Session [1206f8d0-257c-11e9-9e2d-9dfeb859da62] - Session.negotiatedCapabilities - {"browserName":"phantomjs","version":"2.1.1","driverName":"ghostdriver","driverVersion":"1.2.0","platform":"windows-10-32bit","javascriptEnabled":true,"takesScreenshot":true,"handlesAlerts":false,"databaseEnabled":false,"locationContextEnabled":false,"applicationCacheEnabled":false,"browserConnectionEnabled":false,"cssSelectorsEnabled":true,"webStorageEnabled":false,"rotatable":false,"acceptSslCerts":false,"nativeEvents":true,"proxy":{"proxyType":"direct"}}
[INFO  - 2019-01-31T17:17:22.018Z] SessionManagerReqHand - _postNewSessionCommand - New Session Created: 1206f8d0-257c-11e9-9e2d-9dfeb859da62
[INFO  - 2019-01-31T17:17:24.457Z] GhostDriver - Main - running on port 32279
[INFO  - 2019-01-31T17:17:24.610Z] Session [1392a1e0-257c-11e9-bc84-21c32ab72e74] - page.settings - {"XSSAuditingEnabled":false,"javascriptCanCloseWindows":true,"javascriptCanOpenWindows":true,"javascriptEnabled":true,"loadImages":true,"localToRemoteUrlAccessEnabled":false,"userAgent":"Mozilla/5.0 (Windows NT 6.2; WOW64) AppleWebKit/538.1 (KHTML, like Gecko) PhantomJS/2.1.1 Safari/538.1","webSecurityEnabled":true}
[INFO  - 2019-01-31T17:17:24.610Z] Session [1392a1e0-257c-11e9-bc84-21c32ab72e74] - page.customHeaders:  - {}
[INFO  - 2019-01-31T17:17:24.610Z] Session [1392a1e0-257c-11e9-bc84-21c32ab72e74] - Session.negotiatedCapabilities - {"browserName":"phantomjs","version":"2.1.1","driverName":"ghostdriver","driverVersion":"1.2.0","platform":"windows-10-32bit","javascriptEnabled":true,"takesScreenshot":true,"handlesAlerts":false,"databaseEnabled":false,"locationContextEnabled":false,"applicationCacheEnabled":false,"browserConnectionEnabled":false,"cssSelectorsEnabled":true,"webStorageEnabled":false,"rotatable":false,"acceptSslCerts":false,"nativeEvents":true,"proxy":{"proxyType":"direct"}}
[INFO  - 2019-01-31T17:17:24.610Z] SessionManagerReqHand - _postNewSessionCommand - New Session Created: 1392a1e0-257c-11e9-bc84-21c32ab72e74
